*** Using Compiler 'V6.24', folder: 'G:\keil\ARM\ARMCLANG\Bin'
Build target 'complete_hero_chassis'
compiling tim.c...
compiling can.c...
compiling stm32f4xx_hal_dma.c...
compiling main.c...
assembling startup_stm32f407xx.s...
compiling stm32f4xx_hal_flash_ramfunc.c...
compiling stm32f4xx_hal_gpio.c...
compiling stm32f4xx_hal_msp.c...
compiling dma.c...
compiling spi.c...
compiling gpio.c...
compiling usart.c...
compiling stm32f4xx_it.c...
compiling stm32f4xx_hal_flash.c...
compiling stm32f4xx_hal_rcc_ex.c...
compiling stm32f4xx_hal_flash_ex.c...
compiling stm32f4xx_hal_dma_ex.c...
compiling stm32f4xx_hal_can.c...
compiling stm32f4xx_hal_rcc.c...
compiling stm32f4xx_hal_pwr_ex.c...
compiling stm32f4xx_hal_pwr.c...
compiling stm32f4xx_hal_cortex.c...
compiling stm32f4xx_hal.c...
compiling stm32f4xx_hal_exti.c...
compiling system_stm32f4xx.c...
compiling dbus.c...
compiling dm_motor.c...
compiling M3508.c...
compiling drv_can.c...
compiling bsp_imu.c...
compiling control_dbus.c...
compiling dm_joint_ctrl.c...
compiling imu_data.c...
compiling stm32f4xx_hal_tim_ex.c...
compiling stm32f4xx_hal_spi.c...
compiling stm32f4xx_hal_uart.c...
compiling stm32f4xx_hal_tim.c...
linking...
Program Size: Code=29032 RO-data=752 RW-data=16 ZI-data=3264  
FromELF: creating hex file...
"complete_hero_chassis\complete_hero_chassis.axf" - 0 Error(s), 0 Warning(s).
Build Time Elapsed:  00:00:02
